============================= test session starts =============================
platform win32 -- Python 3.13.14, pytest-9.1.1, pluggy-1.6.0
rootdir: D:\SmartShapeCrop
configfile: pytest.ini
collected 214 items

tests\test_border_fix.py sssss                                           [  2%]
tests\test_complex_pattern_safety.py ...                                 [  3%]
tests\test_config.py ..............                                      [ 10%]
tests\test_f15_f19_fixes.py ............                                 [ 15%]
tests\test_f1_inner_rect_crash.py ...........                            [ 21%]
tests\test_f2_f3_fixes.py .....                                          [ 23%]
tests\test_f4_concurrency_clone.py .......                               [ 26%]
tests\test_final_verification.py ....                                    [ 28%]
tests\test_fix_validation.py ...                                         [ 29%]
tests\test_gap_fix_verification.py ...                                   [ 31%]
tests\test_image_cropper.py ...........                                  [ 36%]
tests\test_lshape_render.py ..........                                   [ 41%]
tests\test_name_parser.py .............................................. [ 62%]
..........                                                               [ 67%]
tests\test_parse_sketch_characterization.py ....                         [ 69%]
tests\test_rounded_corner.py ......................                      [ 79%]
tests\test_sketch_input_validation.py .........                          [ 83%]
tests\test_sketch_parser_logic.py ........................               [ 94%]
tests\test_template_matcher.py ...........                               [100%][safe-delete][SAFE_DELETE_FAIL_CLOSED] {"target": "\\\\?\\C:\\Users\\Administrator\\AppData\\Local\\Temp\\pytest-of-Administrator\\garbage-8e519bf6-8500-4140-aa1a-4b88e02da5ac", "reason": "windows-sandbox-recycle-bin-unavailable"}


============================== warnings summary ===============================
tests/test_complex_pattern_safety.py::test_complex_pattern_with_gaps
  C:\Users\Administrator\.workbuddy\binaries\python\envs\default\Lib\site-packages\_pytest\python.py:171: PytestReturnNotNoneWarning: Test functions should return None, but tests/test_complex_pattern_safety.py::test_complex_pattern_with_gaps returned <class 'numpy.bool'>.
  Did you mean to use `assert` instead of `return`?
  See https://docs.pytest.org/en/stable/how-to/assert.html#return-not-none for more information.
    warnings.warn(

tests/test_complex_pattern_safety.py::test_multilayer_border_with_mixed_colors
  C:\Users\Administrator\.workbuddy\binaries\python\envs\default\Lib\site-packages\_pytest\python.py:171: PytestReturnNotNoneWarning: Test functions should return None, but tests/test_complex_pattern_safety.py::test_multilayer_border_with_mixed_colors returned <class 'bool'>.
  Did you mean to use `assert` instead of `return`?
  See https://docs.pytest.org/en/stable/how-to/assert.html#return-not-none for more information.
    warnings.warn(

tests/test_complex_pattern_safety.py::test_extreme_colors_and_anti_aliasing
  C:\Users\Administrator\.workbuddy\binaries\python\envs\default\Lib\site-packages\_pytest\python.py:171: PytestReturnNotNoneWarning: Test functions should return None, but tests/test_complex_pattern_safety.py::test_extreme_colors_and_anti_aliasing returned <class 'numpy.bool'>.
  Did you mean to use `assert` instead of `return`?
  See https://docs.pytest.org/en/stable/how-to/assert.html#return-not-none for more information.
    warnings.warn(

tests/test_final_verification.py::test_border_smoothness
  C:\Users\Administrator\.workbuddy\binaries\python\envs\default\Lib\site-packages\_pytest\python.py:171: PytestReturnNotNoneWarning: Test functions should return None, but tests/test_final_verification.py::test_border_smoothness returned <class 'bool'>.
  Did you mean to use `assert` instead of `return`?
  See https://docs.pytest.org/en/stable/how-to/assert.html#return-not-none for more information.
    warnings.warn(

tests/test_final_verification.py::test_no_wrong_gap_fill
  C:\Users\Administrator\.workbuddy\binaries\python\envs\default\Lib\site-packages\_pytest\python.py:171: PytestReturnNotNoneWarning: Test functions should return None, but tests/test_final_verification.py::test_no_wrong_gap_fill returned <class 'bool'>.
  Did you mean to use `assert` instead of `return`?
  See https://docs.pytest.org/en/stable/how-to/assert.html#return-not-none for more information.
    warnings.warn(

tests/test_final_verification.py::test_internal_content_preserved
  C:\Users\Administrator\.workbuddy\binaries\python\envs\default\Lib\site-packages\_pytest\python.py:171: PytestReturnNotNoneWarning: Test functions should return None, but tests/test_final_verification.py::test_internal_content_preserved returned <class 'numpy.bool'>.
  Did you mean to use `assert` instead of `return`?
  See https://docs.pytest.org/en/stable/how-to/assert.html#return-not-none for more information.
    warnings.warn(

tests/test_final_verification.py::test_original_functionality_unchanged
  C:\Users\Administrator\.workbuddy\binaries\python\envs\default\Lib\site-packages\_pytest\python.py:171: PytestReturnNotNoneWarning: Test functions should return None, but tests/test_final_verification.py::test_original_functionality_unchanged returned <class 'bool'>.
  Did you mean to use `assert` instead of `return`?
  See https://docs.pytest.org/en/stable/how-to/assert.html#return-not-none for more information.
    warnings.warn(

tests/test_fix_validation.py::test_name_parser
  C:\Users\Administrator\.workbuddy\binaries\python\envs\default\Lib\site-packages\_pytest\python.py:171: PytestReturnNotNoneWarning: Test functions should return None, but tests/test_fix_validation.py::test_name_parser returned <class 'bool'>.
  Did you mean to use `assert` instead of `return`?
  See https://docs.pytest.org/en/stable/how-to/assert.html#return-not-none for more information.
    warnings.warn(

tests/test_fix_validation.py::test_direction_correction
  C:\Users\Administrator\.workbuddy\binaries\python\envs\default\Lib\site-packages\_pytest\python.py:171: PytestReturnNotNoneWarning: Test functions should return None, but tests/test_fix_validation.py::test_direction_correction returned <class 'bool'>.
  Did you mean to use `assert` instead of `return`?
  See https://docs.pytest.org/en/stable/how-to/assert.html#return-not-none for more information.
    warnings.warn(

tests/test_fix_validation.py::test_margin_validation
  C:\Users\Administrator\.workbuddy\binaries\python\envs\default\Lib\site-packages\_pytest\python.py:171: PytestReturnNotNoneWarning: Test functions should return None, but tests/test_fix_validation.py::test_margin_validation returned <class 'bool'>.
  Did you mean to use `assert` instead of `return`?
  See https://docs.pytest.org/en/stable/how-to/assert.html#return-not-none for more information.
    warnings.warn(

tests/test_gap_fix_verification.py::test_corner_smoothness_no_gap_fill
  C:\Users\Administrator\.workbuddy\binaries\python\envs\default\Lib\site-packages\_pytest\python.py:171: PytestReturnNotNoneWarning: Test functions should return None, but tests/test_gap_fix_verification.py::test_corner_smoothness_no_gap_fill returned <class 'bool'>.
  Did you mean to use `assert` instead of `return`?
  See https://docs.pytest.org/en/stable/how-to/assert.html#return-not-none for more information.
    warnings.warn(

tests/test_gap_fix_verification.py::test_different_border_colors
  C:\Users\Administrator\.workbuddy\binaries\python\envs\default\Lib\site-packages\_pytest\python.py:171: PytestReturnNotNoneWarning: Test functions should return None, but tests/test_gap_fix_verification.py::test_different_border_colors returned <class 'bool'>.
  Did you mean to use `assert` instead of `return`?
  See https://docs.pytest.org/en/stable/how-to/assert.html#return-not-none for more information.
    warnings.warn(

tests/test_gap_fix_verification.py::test_small_radius_preserves_content
  C:\Users\Administrator\.workbuddy\binaries\python\envs\default\Lib\site-packages\_pytest\python.py:171: PytestReturnNotNoneWarning: Test functions should return None, but tests/test_gap_fix_verification.py::test_small_radius_preserves_content returned <class 'bool'>.
  Did you mean to use `assert` instead of `return`?
  See https://docs.pytest.org/en/stable/how-to/assert.html#return-not-none for more information.
    warnings.warn(

-- Docs: https://docs.pytest.org/en/stable/how-to/capture-warnings.html
================ 209 passed, 5 skipped, 13 warnings in 18.54s =================
