<?xml version="1.0" encoding="utf-8"?><testsuites name="pytest tests"><testsuite name="pytest" errors="0" failures="8" skipped="7" tests="441" time="106.999" timestamp="2026-09-16T10:41:35.994972+08:00" hostname="PC-202508191542"><testcase classname="" name="tests.gui" time="0.000"><skipped message="collection skipped">('F:\\SmartShapeCrop\\tests\\gui\\conftest.py', 40, 'Skipped: GUI 测试需要 PyQt5')</skipped></testcase><testcase classname="tests.border.test_complex_pattern_safety" name="test_complex_pattern_with_gaps" time="0.051" /><testcase classname="tests.border.test_complex_pattern_safety" name="test_multilayer_border_with_mixed_colors" time="0.139" /><testcase classname="tests.border.test_complex_pattern_safety" name="test_extreme_colors_and_anti_aliasing" time="0.108" /><testcase classname="tests.border.test_gap_fix_verification" name="test_corner_smoothness_no_gap_fill" time="0.038" /><testcase classname="tests.border.test_gap_fix_verification" name="test_different_border_colors" time="0.035" /><testcase classname="tests.border.test_gap_fix_verification" name="test_small_radius_preserves_content" time="0.024" /><testcase classname="tests.border.test_user_reported_cases" name="test_maliya_rose_content_preserved" time="0.436" /><testcase classname="tests.border.test_user_reported_cases" name="test_fugu_border_thickness_preserved" time="0.392" /><testcase classname="tests.border.test_user_reported_cases" name="test_wanhui_no_extra_white" time="0.224" /><testcase classname="tests.border.test_user_reported_cases" name="test_xianxu_corner_clean" time="0.295" /><testcase classname="tests.core.test_crop_design_validate.TestCropDesignValidateDefaults" name="test_default_passes" time="0.001" /><testcase classname="tests.core.test_crop_design_validate.TestCropDesignValidateDefaults" name="test_rect_hole_mode_passes" time="0.000" /><testcase classname="tests.core.test_crop_design_validate.TestCropDesignValidateDefaults" name="test_rect_lshape_mode_passes" time="0.000" /><testcase classname="tests.core.test_crop_design_validate.TestCropDesignValidateDefaults" name="test_ellipse_hole_mode_passes" time="0.000" /><testcase classname="tests.core.test_crop_design_validate.TestCropDesignValidateCanvas" name="test_zero_w_raises" time="0.000" /><testcase classname="tests.core.test_crop_design_validate.TestCropDesignValidateCanvas" name="test_negative_w_raises" time="0.000" /><testcase classname="tests.core.test_crop_design_validate.TestCropDesignValidateCanvas" name="test_zero_h_raises" time="0.001" /><testcase classname="tests.core.test_crop_design_validate.TestCropDesignValidateCanvas" name="test_negative_h_raises" time="0.000" /><testcase classname="tests.core.test_crop_design_validate.TestCropDesignValidateDpi" name="test_zero_dpi_raises" time="0.000" /><testcase classname="tests.core.test_crop_design_validate.TestCropDesignValidateDpi" name="test_negative_dpi_raises" time="0.000" /><testcase classname="tests.core.test_crop_design_validate.TestCropDesignValidateMode" name="test_invalid_mode_raises" time="0.000" /><testcase classname="tests.core.test_crop_design_validate.TestCropDesignValidateMargins" name="test_negative_outer_margin_raises" time="0.000" /><testcase classname="tests.core.test_crop_design_validate.TestCropDesignValidateMargins" name="test_negative_inner_top_raises" time="0.000" /><testcase classname="tests.core.test_crop_design_validate.TestCropDesignValidateMargins" name="test_negative_inner_bottom_raises" time="0.000" /><testcase classname="tests.core.test_crop_design_validate.TestCropDesignValidateMargins" name="test_negative_inner_left_raises" time="0.000" /><testcase classname="tests.core.test_crop_design_validate.TestCropDesignValidateMargins" name="test_negative_inner_right_raises" time="0.001" /><testcase classname="tests.core.test_crop_design_validate.TestCropDesignValidateMargins" name="test_zero_margins_pass" time="0.000" /><testcase classname="tests.core.test_crop_design_validate.TestCropDesignValidateCorners" name="test_negative_corner_raises" time="0.000" /><testcase classname="tests.core.test_crop_design_validate.TestCropDesignValidateCorners" name="test_corner_exceeds_half_raises" time="0.000" /><testcase classname="tests.core.test_crop_design_validate.TestCropDesignValidateCorners" name="test_corner_at_half_passes" time="0.000" /><testcase classname="tests.core.test_crop_design_validate.TestCropDesignValidateCorners" name="test_zero_corner_passes" time="0.000" /><testcase classname="tests.core.test_crop_design_validate.TestCropDesignEllipseGeometry" name="test_ellipse_uses_inner_rect_diameter_plus_one_cm" time="0.001" /><testcase classname="tests.core.test_crop_design_validate.TestCropDesignEllipseGeometry" name="test_manual_equal_diameters_make_circle" time="0.000" /><testcase classname="tests.core.test_crop_design_validate.TestCropDesignValidateLShape" name="test_invalid_l_corner_raises" time="0.000" /><testcase classname="tests.core.test_crop_design_validate.TestCropDesignValidateLShape" name="test_all_valid_corners_pass" time="0.000" /><testcase classname="tests.core.test_crop_design_validate.TestCropDesignValidateLShape" name="test_zero_l_cut_w_raises" time="0.001" /><testcase classname="tests.core.test_crop_design_validate.TestCropDesignValidateLShape" name="test_negative_l_cut_w_raises" time="0.000" /><testcase classname="tests.core.test_crop_design_validate.TestCropDesignValidateLShape" name="test_zero_l_cut_h_raises" time="0.001" /><testcase classname="tests.core.test_crop_design_validate.TestCropDesignValidateLShape" name="test_negative_l_cut_h_raises" time="0.000" /><testcase classname="tests.core.test_crop_design_validate.TestCropDesignValidateLShape" name="test_diagonal_multi_cuts_pass_edge_constraints" time="0.000" /><testcase classname="tests.core.test_crop_design_validate.TestCropDesignValidateLShape" name="test_adjacent_cuts_must_leave_edge_clearance" time="0.000" /><testcase classname="tests.core.test_crop_design_validate.TestCropDesignValidateLShape" name="test_vertical_adjacent_cuts_must_leave_edge_clearance" time="0.000" /><testcase classname="tests.core.test_crop_design_validate.TestCropDesignValidateLShape" name="test_each_edge_rejects_boundary_sum[\u4e0a\u8fb9-cuts0]" time="0.001" /><testcase classname="tests.core.test_crop_design_validate.TestCropDesignValidateLShape" name="test_each_edge_rejects_boundary_sum[\u4e0b\u8fb9-cuts1]" time="0.001" /><testcase classname="tests.core.test_crop_design_validate.TestCropDesignValidateLShape" name="test_each_edge_rejects_boundary_sum[\u5de6\u8fb9-cuts2]" time="0.001" /><testcase classname="tests.core.test_crop_design_validate.TestCropDesignValidateLShape" name="test_each_edge_rejects_boundary_sum[\u53f3\u8fb9-cuts3]" time="0.001" /><testcase classname="tests.core.test_crop_design_validate.TestCropDesignValidateLShape" name="test_single_cut_below_edge_limit_passes[cuts0]" time="0.000" /><testcase classname="tests.core.test_crop_design_validate.TestCropDesignValidateLShape" name="test_single_cut_below_edge_limit_passes[cuts1]" time="0.000" /><testcase classname="tests.core.test_crop_design_validate.TestCropDesignValidateLShape" name="test_single_cut_below_edge_limit_passes[cuts2]" time="0.000" /><testcase classname="tests.core.test_crop_design_validate.TestCropDesignValidateLShape" name="test_single_cut_below_edge_limit_passes[cuts3]" time="0.000" /><testcase classname="tests.core.test_crop_design_validate.TestCropDesignValidateLShape" name="test_exact_clearance_boundary_is_rejected" time="0.000" /><testcase classname="tests.core.test_crop_design_validate.TestCropDesignValidateLShape" name="test_four_corner_combination_passes_all_edges" time="0.000" /><testcase classname="tests.core.test_g1_invariant.TestG1InvariantUnit" name="test_g1_passes_when_detected_equals_consumed" time="0.000" /><testcase classname="tests.core.test_g1_invariant.TestG1InvariantUnit" name="test_g1_fires_when_detected_exceeds_consumed" time="0.001" /><testcase classname="tests.core.test_g1_invariant.TestG1InvariantUnit" name="test_g1_fires_when_consumed_exceeds_detected" time="0.000" /><testcase classname="tests.core.test_g1_invariant.TestG1InvariantUnit" name="test_g1_always_sets_invariant_applied_flag" time="0.000" /><testcase classname="tests.core.test_g1_invariant.TestG1InvariantAllExitPaths" name="test_g1_runs_on_normal_completion" time="7.325" /><testcase classname="tests.core.test_g1_invariant.TestG1InvariantAllExitPaths" name="test_g1_runs_on_incomplete_dimensions" time="9.049" /><testcase classname="tests.core.test_g1_invariant.TestG1InvariantAllExitPaths" name="test_g1_runs_on_geometry_failure" time="0.008" /><testcase classname="tests.core.test_g1_invariant.TestG1InvariantAllExitPaths" name="test_g1_runs_on_file_validation_failure" time="0.001" /><testcase classname="tests.core.test_g1_invariant.TestG1InvariantAllExitPaths" name="test_g1_runs_on_no_cv2" time="0.144" /><testcase classname="tests.core.test_g1_invariant.TestG1InvariantProperties" name="test_single_corner_no_false_alarm" time="10.835" /><testcase classname="tests.core.test_g1_invariant.TestG1InvariantProperties" name="test_dual_corner_triggers_g1_when_not_all_consumed" time="5.133" /><testcase classname="tests.core.test_g1_invariant.TestG1InvariantProperties" name="test_g1_debug_fields_always_populated_on_geo_success" time="7.220" /><testcase classname="tests.core.test_image_cropper.TestCropConfig" name="test_default_dpi" time="0.001" /><testcase classname="tests.core.test_image_cropper.TestCropConfig" name="test_default_mode" time="0.001" /><testcase classname="tests.core.test_image_cropper.TestCropConfig" name="test_default_bg_color" time="0.001" /><testcase classname="tests.core.test_image_cropper.TestCropConfig" name="test_custom_values" time="0.001" /><testcase classname="tests.core.test_image_cropper.TestApplyRoundedCorners" name="test_br_corner_filled_with_bg" time="0.004" /><testcase classname="tests.core.test_image_cropper.TestApplyRoundedCorners" name="test_center_preserved" time="0.003" /><testcase classname="tests.core.test_image_cropper.TestApplyRoundedCorners" name="test_no_corners_no_change" time="0.003" /><testcase classname="tests.core.test_image_cropper.TestApplyBorderOnlyCorners" name="test_inner_area_unchanged" time="0.017" /><testcase classname="tests.core.test_image_cropper.TestApplyBorderOnlyCorners" name="test_corner_filled_with_bg" time="0.027" /><testcase classname="tests.core.test_image_cropper.TestCropImageIntegration" name="test_simple_resize_mode" time="0.633" /><testcase classname="tests.core.test_image_cropper.TestCropImageIntegration" name="test_no_corners" time="0.103" /><testcase classname="tests.core.test_image_cropper.TestCropConfigValidate" name="test_valid_config_passes" time="0.001" /><testcase classname="tests.core.test_image_cropper.TestCropConfigValidate" name="test_none_corners_passes" time="0.002" /><testcase classname="tests.core.test_image_cropper.TestCropConfigValidate" name="test_empty_corners_passes" time="0.001" /><testcase classname="tests.core.test_image_cropper.TestCropConfigValidate" name="test_zero_corner_passes" time="0.001" /><testcase classname="tests.core.test_image_cropper.TestCropConfigValidate" name="test_zero_w_raises" time="0.001" /><testcase classname="tests.core.test_image_cropper.TestCropConfigValidate" name="test_negative_w_raises" time="0.001" /><testcase classname="tests.core.test_image_cropper.TestCropConfigValidate" name="test_zero_h_raises" time="0.001" /><testcase classname="tests.core.test_image_cropper.TestCropConfigValidate" name="test_negative_h_raises" time="0.001" /><testcase classname="tests.core.test_image_cropper.TestCropConfigValidate" name="test_zero_dpi_raises" time="0.001" /><testcase classname="tests.core.test_image_cropper.TestCropConfigValidate" name="test_negative_dpi_raises" time="0.001" /><testcase classname="tests.core.test_image_cropper.TestCropConfigValidate" name="test_invalid_mode_raises" time="0.002" /><testcase classname="tests.core.test_image_cropper.TestCropConfigValidate" name="test_all_valid_modes_pass" time="0.001" /><testcase classname="tests.core.test_image_cropper.TestCropConfigValidate" name="test_negative_ratio_raises" time="0.001" /><testcase classname="tests.core.test_image_cropper.TestCropConfigValidate" name="test_ratio_over_1_raises" time="0.001" /><testcase classname="tests.core.test_image_cropper.TestCropConfigValidate" name="test_ratio_boundary_zero_passes" time="0.001" /><testcase classname="tests.core.test_image_cropper.TestCropConfigValidate" name="test_ratio_boundary_one_passes" time="0.001" /><testcase classname="tests.core.test_image_cropper.TestCropConfigValidate" name="test_invalid_corner_key_raises" time="0.001" /><testcase classname="tests.core.test_image_cropper.TestCropConfigValidate" name="test_negative_corner_raises" time="0.001" /><testcase classname="tests.core.test_image_cropper.TestCropConfigValidate" name="test_corner_exceeds_half_size_raises" time="0.001" /><testcase classname="tests.core.test_image_cropper.TestCropConfigValidate" name="test_corner_at_half_passes" time="0.001" /><testcase classname="tests.core.test_image_cropper.TestCropConfigValidate" name="test_bad_bg_color_raises" time="0.001" /><testcase classname="tests.core.test_image_cropper.TestCropConfigValidate" name="test_non_tuple_bg_color_raises" time="0.001" /><testcase classname="tests.core.test_image_ops_p2.TestSaveJpgSubsampling" name="test_save_jpg_writes_444_sampling" time="0.007" /><testcase classname="tests.core.test_image_ops_p2.TestSaveJpgSubsampling" name="test_save_jpg_keeps_quality_and_dpi" time="0.008" /><testcase classname="tests.core.test_image_ops_p2.TestSaveJpgSubsampling" name="test_save_jpg_output_reopenable" time="0.007" /><testcase classname="tests.core.test_image_ops_p2.TestLookLikeTileNegativeRegex" name="test_positive_hits[material_tile.jpg]" time="0.001" /><testcase classname="tests.core.test_image_ops_p2.TestLookLikeTileNegativeRegex" name="test_positive_hits[marble_pattern.png]" time="0.001" /><testcase classname="tests.core.test_image_ops_p2.TestLookLikeTileNegativeRegex" name="test_positive_hits[\u82b1\u7816\u7d20\u6750.jpg]" time="0.002" /><testcase classname="tests.core.test_image_ops_p2.TestLookLikeTileNegativeRegex" name="test_positive_hits[hua-01.png]" time="0.001" /><testcase classname="tests.core.test_image_ops_p2.TestLookLikeTileNegativeRegex" name="test_positive_hits[zhuan-01.png]" time="0.001" /><testcase classname="tests.core.test_image_ops_p2.TestLookLikeTileNegativeRegex" name="test_negative_hits[huangshan_photo.jpg]" time="0.001" /><testcase classname="tests.core.test_image_ops_p2.TestLookLikeTileNegativeRegex" name="test_negative_hits[huan_yue_photo.jpg]" time="0.001" /><testcase classname="tests.core.test_image_ops_p2.TestLookLikeTileNegativeRegex" name="test_negative_hits[zhuangyuanmei.jpg]" time="0.001" /><testcase classname="tests.core.test_image_ops_p2.TestLookLikeTileNegativeRegex" name="test_negative_hits[zhu_photo.jpg]" time="0.001" /><testcase classname="tests.core.test_image_ops_p2.TestLookLikeTileNegativeRegex" name="test_negative_hits[plain_photo.jpg]" time="0.001" /><testcase classname="tests.core.test_image_ops_p2.TestLookLikeTileNegativeRegex" name="test_tile_semantics_unchanged" time="0.001" /><testcase classname="tests.core.test_lshape_border.TestComputeCutEdgeBboxes" name="test_thickness_below_half_returns_empty" time="0.001" /><testcase classname="tests.core.test_lshape_border.TestComputeCutEdgeBboxes" name="test_each_corner_returns_two_edges[tl]" time="0.001" /><testcase classname="tests.core.test_lshape_border.TestComputeCutEdgeBboxes" name="test_each_corner_returns_two_edges[tr]" time="0.001" /><testcase classname="tests.core.test_lshape_border.TestComputeCutEdgeBboxes" name="test_each_corner_returns_two_edges[bl]" time="0.001" /><testcase classname="tests.core.test_lshape_border.TestComputeCutEdgeBboxes" name="test_each_corner_returns_two_edges[br]" time="0.001" /><testcase classname="tests.core.test_lshape_border.TestComputeCutEdgeBboxes" name="test_edge_thickness_equals_border_thickness[tl]" time="0.001" /><testcase classname="tests.core.test_lshape_border.TestComputeCutEdgeBboxes" name="test_edge_thickness_equals_border_thickness[tr]" time="0.001" /><testcase classname="tests.core.test_lshape_border.TestComputeCutEdgeBboxes" name="test_edge_thickness_equals_border_thickness[bl]" time="0.001" /><testcase classname="tests.core.test_lshape_border.TestComputeCutEdgeBboxes" name="test_edge_thickness_equals_border_thickness[br]" time="0.001" /><testcase classname="tests.core.test_lshape_border.TestComputeCutEdgeBboxes" name="test_tl_edges_anchor_at_cut_region_bottom_and_right" time="0.001" /><testcase classname="tests.core.test_lshape_border.TestComputeCutEdgeBboxes" name="test_br_edges_anchor_at_cut_region_top_and_left" time="0.001" /><testcase classname="tests.core.test_lshape_border.TestComputeCutEdgeBboxes" name="test_four_corners_produce_distinct_regions" time="0.001" /><testcase classname="tests.core.test_lshape_border.TestComputeCutEdgeBboxes" name="test_oversized_thickness_clamped_inside_cut_region" time="0.001" /><testcase classname="tests.core.test_lshape_border.TestComputeCutEdgeBboxes" name="test_negative_coords_clipped_to_zero" time="0.001" /><testcase classname="tests.core.test_lshape_border.TestDetectPoolMaterialBorders" name="test_none_image_returns_empty" time="0.001" /><testcase classname="tests.core.test_lshape_border.TestDetectPoolMaterialBorders" name="test_plain_image_has_no_border" time="0.005" /><testcase classname="tests.core.test_lshape_border.TestDetectPoolMaterialBorders" name="test_bordered_material_detects_dark_layer" time="0.010" /><testcase classname="tests.core.test_lshape_border.TestDetectPoolMaterialBorders" name="test_oversized_border_rejected_as_pattern" time="0.011" /><testcase classname="tests.core.test_lshape_border.TestDetectPoolMaterialBorders" name="test_marble_texture_does_not_become_gray_band" time="0.215" /><testcase classname="tests.core.test_lshape_border.TestFilterContentLayers" name="test_single_layer_returned_untouched" time="0.001" /><testcase classname="tests.core.test_lshape_border.TestFilterContentLayers" name="test_layer_close_to_center_color_is_removed" time="0.003" /><testcase classname="tests.core.test_lshape_border.TestApplyLshapeBorderCompletion" name="test_fallback_corner_is_continuous_and_stays_out_of_cut[tl]" time="0.003"><failure message="assert np.False_&#10; +  where np.False_ = &lt;function all at 0x000001EF2B7D59F0&gt;(array([[[255,..., dtype=uint8) == [20, 20, 20]&#10; +    where &lt;function all at 0x000001EF2B7D59F0&gt; = np.all&#10;    &#10;    Full diff:&#10;    - [&#10;    -     20,&#10;    -     20,&#10;    -     20,&#10;    - ]&#10;    + array([[[255, 255, 255],&#10;    +         [255, 255, 255]],&#10;    +&#10;    +        [[ 20,  20,  20],&#10;    +         [ 20,  20,  20]]], dtype=uint8))">tests\core\test_lshape_border.py:268: in test_fallback_corner_is_continuous_and_stays_out_of_cut
    assert np.all(corner_area == [20, 20, 20])
E   assert np.False_
E    +  where np.False_ = &lt;function all at 0x000001EF2B7D59F0&gt;(array([[[255,..., dtype=uint8) == [20, 20, 20]
E    +    where &lt;function all at 0x000001EF2B7D59F0&gt; = np.all
E       
E       Full diff:
E       - [
E       -     20,
E       -     20,
E       -     20,
E       - ]
E       + array([[[255, 255, 255],
E       +         [255, 255, 255]],
E       +
E       +        [[ 20,  20,  20],
E       +         [ 20,  20,  20]]], dtype=uint8))</failure></testcase><testcase classname="tests.core.test_lshape_border.TestApplyLshapeBorderCompletion" name="test_fallback_corner_is_continuous_and_stays_out_of_cut[tr]" time="0.002"><failure message="assert np.False_&#10; +  where np.False_ = &lt;function all at 0x000001EF2B7D59F0&gt;(array([[[255,..., dtype=uint8) == [20, 20, 20]&#10; +    where &lt;function all at 0x000001EF2B7D59F0&gt; = np.all&#10;    &#10;    Full diff:&#10;    - [&#10;    -     20,&#10;    -     20,&#10;    -     20,&#10;    - ]&#10;    + array([[[255, 255, 255],&#10;    +         [255, 255, 255]],&#10;    +&#10;    +        [[ 20,  20,  20],&#10;    +         [ 20,  20,  20]]], dtype=uint8))">tests\core\test_lshape_border.py:268: in test_fallback_corner_is_continuous_and_stays_out_of_cut
    assert np.all(corner_area == [20, 20, 20])
E   assert np.False_
E    +  where np.False_ = &lt;function all at 0x000001EF2B7D59F0&gt;(array([[[255,..., dtype=uint8) == [20, 20, 20]
E    +    where &lt;function all at 0x000001EF2B7D59F0&gt; = np.all
E       
E       Full diff:
E       - [
E       -     20,
E       -     20,
E       -     20,
E       - ]
E       + array([[[255, 255, 255],
E       +         [255, 255, 255]],
E       +
E       +        [[ 20,  20,  20],
E       +         [ 20,  20,  20]]], dtype=uint8))</failure></testcase><testcase classname="tests.core.test_lshape_border.TestApplyLshapeBorderCompletion" name="test_fallback_corner_is_continuous_and_stays_out_of_cut[bl]" time="0.002"><failure message="assert np.False_&#10; +  where np.False_ = &lt;function all at 0x000001EF2B7D59F0&gt;(array([[[ 20,..., dtype=uint8) == [20, 20, 20]&#10; +    where &lt;function all at 0x000001EF2B7D59F0&gt; = np.all&#10;    &#10;    Full diff:&#10;    - [&#10;    -     20,&#10;    -     20,&#10;    -     20,&#10;    - ]&#10;    + array([[[ 20,  20,  20],&#10;    +         [ 20,  20,  20]],&#10;    +&#10;    +        [[255, 255, 255],&#10;    +         [255, 255, 255]]], dtype=uint8))">tests\core\test_lshape_border.py:268: in test_fallback_corner_is_continuous_and_stays_out_of_cut
    assert np.all(corner_area == [20, 20, 20])
E   assert np.False_
E    +  where np.False_ = &lt;function all at 0x000001EF2B7D59F0&gt;(array([[[ 20,..., dtype=uint8) == [20, 20, 20]
E    +    where &lt;function all at 0x000001EF2B7D59F0&gt; = np.all
E       
E       Full diff:
E       - [
E       -     20,
E       -     20,
E       -     20,
E       - ]
E       + array([[[ 20,  20,  20],
E       +         [ 20,  20,  20]],
E       +
E       +        [[255, 255, 255],
E       +         [255, 255, 255]]], dtype=uint8))</failure></testcase><testcase classname="tests.core.test_lshape_border.TestApplyLshapeBorderCompletion" name="test_fallback_corner_is_continuous_and_stays_out_of_cut[br]" time="0.002"><failure message="assert np.False_&#10; +  where np.False_ = &lt;function all at 0x000001EF2B7D59F0&gt;(array([[[ 20,..., dtype=uint8) == [20, 20, 20]&#10; +    where &lt;function all at 0x000001EF2B7D59F0&gt; = np.all&#10;    &#10;    Full diff:&#10;    - [&#10;    -     20,&#10;    -     20,&#10;    -     20,&#10;    - ]&#10;    + array([[[ 20,  20,  20],&#10;    +         [ 20,  20,  20]],&#10;    +&#10;    +        [[255, 255, 255],&#10;    +         [255, 255, 255]]], dtype=uint8))">tests\core\test_lshape_border.py:268: in test_fallback_corner_is_continuous_and_stays_out_of_cut
    assert np.all(corner_area == [20, 20, 20])
E   assert np.False_
E    +  where np.False_ = &lt;function all at 0x000001EF2B7D59F0&gt;(array([[[ 20,..., dtype=uint8) == [20, 20, 20]
E    +    where &lt;function all at 0x000001EF2B7D59F0&gt; = np.all
E       
E       Full diff:
E       - [
E       -     20,
E       -     20,
E       -     20,
E       - ]
E       + array([[[ 20,  20,  20],
E       +         [ 20,  20,  20]],
E       +
E       +        [[255, 255, 255],
E       +         [255, 255, 255]]], dtype=uint8))</failure></testcase><testcase classname="tests.core.test_lshape_border.TestApplyLshapeBorderCompletion" name="test_no_border_material_returns_false_and_leaves_canvas_untouched" time="0.072" /><testcase classname="tests.core.test_lshape_border.TestApplyLshapeBorderCompletion" name="test_bordered_material_paints_cut_edges_only" time="0.017" /><testcase classname="tests.core.test_lshape_border.TestApplyLshapeBorderCompletion" name="test_multiple_cuts_paint_each_cut_edges" time="0.045" /><testcase classname="tests.core.test_lshape_border.TestApplyLshapeBorderCompletion" name="test_adjacent_cuts_equal_union_of_single_cut_results[tl+tr]" time="0.082" /><testcase classname="tests.core.test_lshape_border.TestApplyLshapeBorderCompletion" name="test_adjacent_cuts_equal_union_of_single_cut_results[bl+br]" time="0.080" /><testcase classname="tests.core.test_lshape_border.TestApplyLshapeBorderCompletion" name="test_adjacent_cuts_equal_union_of_single_cut_results[tl+bl]" time="0.082" /><testcase classname="tests.core.test_lshape_border.TestApplyLshapeBorderCompletion" name="test_adjacent_cuts_equal_union_of_single_cut_results[tr+br]" time="0.082" /><testcase classname="tests.core.test_lshape_border.TestApplyLshapeBorderCompletion" name="test_marble_material_paints_only_outer_black_stroke" time="0.227" /><testcase classname="tests.core.test_lshape_border.TestApplyLshapeBorderCompletion" name="test_none_material_returns_false" time="0.001" /><testcase classname="tests.core.test_lshape_border.TestApplyLshapeBorderCompletion" name="test_v13_patch_valueerror_falls_back_to_legacy" time="0.017" /><testcase classname="tests.core.test_lshape_border_route.TestDetectBorderProfile" name="test_keluo_two_layers" time="0.010" /><testcase classname="tests.core.test_lshape_border_route.TestDetectBorderProfile" name="test_manshenghua_three_layers" time="0.107" /><testcase classname="tests.core.test_lshape_border_route.TestDetectBorderProfile" name="test_zhongguyulin_stroke_only" time="0.012" /><testcase classname="tests.core.test_lshape_border_route.TestDetectBorderProfile" name="test_zhongguyulin_full_three_layers" time="0.135" /><testcase classname="tests.core.test_lshape_border_route.TestDetectBorderProfile" name="test_zhuangyuanmiji_thick_band" time="0.015" /><testcase classname="tests.core.test_lshape_border_route.TestDetectBorderProfile" name="test_left_bleed_edge_does_not_break_anchor" time="0.136" /><testcase classname="tests.core.test_lshape_border_route.TestDetectBorderProfile" name="test_yield_rules" time="0.001" /><testcase classname="tests.core.test_lshape_border_route.TestDetectBorderProfile" name="test_plain_material_returns_none" time="0.010" /><testcase classname="tests.core.test_lshape_border_route.TestDetectBorderProfile" name="test_thick_black_border_returns_layers_via_yield" time="0.013" /><testcase classname="tests.core.test_lshape_border_route.TestDetectBorderProfile" name="test_small_material_returns_none" time="0.001" /><testcase classname="tests.core.test_lshape_border_route.TestDetectBorderProfile" name="test_none_returns_none" time="0.001" /><testcase classname="tests.core.test_lshape_border_route.TestPatchLshapeCutLayers" name="test_tr_corner_layer_order" time="0.002" /><testcase classname="tests.core.test_lshape_border_route.TestPatchLshapeCutLayers" name="test_reflex_corner_geometric_layering" time="0.003" /><testcase classname="tests.core.test_lshape_border_route.TestPatchLshapeCutLayers" name="test_bl_corner_flips" time="0.002" /><testcase classname="tests.core.test_lshape_border_route.TestPatchLshapeCutLayers" name="test_input_not_mutated" time="0.005" /><testcase classname="tests.core.test_lshape_border_route.TestPatchLshapeCutLayers" name="test_bad_geometry_raises" time="0.001" /><testcase classname="tests.core.test_lshape_border_route.TestPatchLshapeCutLayers" name="test_inner_layers_fill_full_height" time="0.002" /><testcase classname="tests.core.test_lshape_border_route.TestCompletionRouting" name="test_manshenghua_completion_draws_three_layers" time="0.112" /><testcase classname="tests.core.test_lshape_border_route.TestCompletionRouting" name="test_zhuangyuanmiji_thick_band_completion" time="0.023" /><testcase classname="tests.core.test_lshape_border_route.TestCompletionRouting" name="test_keluo_still_completed" time="0.028" /><testcase classname="tests.core.test_lshape_border_route.TestCompletionRouting" name="test_plain_material_returns_false_untouched" time="0.041" /><testcase classname="tests.core.test_lshape_render" name="test_basic_lshape_render" time="0.372" /><testcase classname="tests.core.test_lshape_render" name="test_lshape_with_corners" time="0.389" /><testcase classname="tests.core.test_lshape_render" name="test_lshape_with_border_bands" time="0.374" /><testcase classname="tests.core.test_lshape_render" name="test_cut_rect_offset" time="0.001" /><testcase classname="tests.core.test_lshape_render" name="test_build_lshape_mask" time="0.036" /><testcase classname="tests.core.test_lshape_render" name="test_build_lshape_mask_all_four_corners" time="0.004" /><testcase classname="tests.core.test_lshape_render" name="test_compute_lshape_border_bands_four_corners_are_idempotent" time="0.003" /><testcase classname="tests.core.test_lshape_render" name="test_compute_border_bands_dispatch" time="0.032" /><testcase classname="tests.core.test_lshape_render" name="test_rect_hole_still_works" time="0.308" /><testcase classname="tests.core.test_lshape_render" name="test_all_four_lshape_corners" time="0.706" /><testcase classname="tests.core.test_lshape_render" name="test_lshape_with_outer_image" time="1.049" /><testcase classname="tests.core.test_lshape_render" name="test_lshape_outer_image_with_borders" time="0.195" /><testcase classname="tests.core.test_lshape_render" name="test_lshape_pool_material_completion_failure_gets_unified_black" time="0.128" /><testcase classname="tests.core.test_lshape_render" name="test_lshape_pool_material_completion_success_still_skips_unified_black" time="0.121" /><testcase classname="tests.core.test_lshape_sketch_parser" name="test_geometry_tr_detects_lshape" time="0.030" /><testcase classname="tests.core.test_lshape_sketch_parser" name="test_parse_lshape_tr_full" time="6.833" /><testcase classname="tests.core.test_lshape_sketch_parser" name="test_inner_notch_labels_are_not_missed_by_nearest_outer_edge" time="0.001" /><testcase classname="tests.core.test_lshape_sketch_parser" name="test_parse_all_corners[tr]" time="6.795" /><testcase classname="tests.core.test_lshape_sketch_parser" name="test_parse_all_corners[tl]" time="6.808" /><testcase classname="tests.core.test_lshape_sketch_parser" name="test_parse_all_corners[br]" time="7.186" /><testcase classname="tests.core.test_lshape_sketch_parser" name="test_parse_all_corners[bl]" time="7.434" /><testcase classname="tests.core.test_lshape_sketch_parser" name="test_not_lshape_returns_failure" time="0.010" /><testcase classname="tests.core.test_multi_corner_detection.TestDualCornerDetection" name="test_geometry_detects_two_corners" time="0.006" /><testcase classname="tests.core.test_multi_corner_detection.TestDualCornerDetection" name="test_hull_detects_two_gaps" time="0.006" /><testcase classname="tests.core.test_multi_corner_detection.TestDualCornerDetection" name="test_corner_dimensions_approximate" time="0.006" /><testcase classname="tests.core.test_multi_corner_detection.TestDualCornerDetection" name="test_multi_corner_result_consumes_all_detected_corners" time="4.487" /><testcase classname="tests.core.test_multi_corner_detection.TestSingleCornerBackwardCompat" name="test_single_corner_still_works" time="0.015" /><testcase classname="tests.core.test_multi_corner_detection.TestSingleCornerBackwardCompat" name="test_single_corner_parse_no_g1_warning" time="6.300" /><testcase classname="tests.core.test_multi_corner_ocr.TestAttributeCutOcrPerCorner" name="test_dual_corner_ocr_attribution" time="0.001" /><testcase classname="tests.core.test_multi_corner_ocr.TestAttributeCutOcrPerCorner" name="test_adjacent_corner_shared_edge" time="0.001" /><testcase classname="tests.core.test_multi_corner_ocr.TestAttributeCutOcrPerCorner" name="test_fallback_to_pixel_ratio_when_no_ocr" time="0.001" /><testcase classname="tests.core.test_multi_corner_ocr.TestAttributeCutOcrPerCorner" name="test_ocr_rejected_when_far_from_geo_ratio" time="0.001" /><testcase classname="tests.core.test_multi_corner_ocr.TestAttributeCutOcrPerCorner" name="test_single_corner_backward_compat" time="0.001" /><testcase classname="tests.core.test_multi_corner_ocr.TestResolveCutPairPerCorner" name="test_single_value_as_cut" time="0.001" /><testcase classname="tests.core.test_multi_corner_ocr.TestResolveCutPairPerCorner" name="test_single_value_as_remaining" time="0.001" /><testcase classname="tests.core.test_multi_corner_ocr.TestResolveCutPairPerCorner" name="test_multi_value_picks_closest_to_geo_ratio" time="0.001" /><testcase classname="tests.core.test_multi_corner_ocr.TestResolveCutPairPerCorner" name="test_empty_items_returns_none" time="0.001" /><testcase classname="tests.core.test_name_parser.TestSizeParsing" name="test_basic_size" time="0.002" /><testcase classname="tests.core.test_name_parser.TestSizeParsing" name="test_decimal_size" time="0.001" /><testcase classname="tests.core.test_name_parser.TestSizeParsing" name="test_decimal_large_size" time="0.001" /><testcase classname="tests.core.test_name_parser.TestSizeParsing" name="test_full_width_x" time="0.001" /><testcase classname="tests.core.test_name_parser.TestSizeParsing" name="test_star_separator" time="0.001" /><testcase classname="tests.core.test_name_parser.TestSizeParsing" name="test_2_decimal_precision" time="0.001" /><testcase classname="tests.core.test_name_parser.TestParseFilename" name="test_vertical_layout" time="0.001" /><testcase classname="tests.core.test_name_parser.TestParseFilename" name="test_horizontal_layout" time="0.001" /><testcase classname="tests.core.test_name_parser.TestParseFilename" name="test_corner_br_2cm" time="0.001" /><testcase classname="tests.core.test_name_parser.TestParseFilename" name="test_corner_br_3cm_variant" time="0.001" /><testcase classname="tests.core.test_name_parser.TestParseFilename" name="test_all_corners" time="0.001" /><testcase classname="tests.core.test_name_parser.TestParseFilename" name="test_large_radius_6cm" time="0.001" /><testcase classname="tests.core.test_name_parser.TestParseFilename" name="test_no_corners" time="0.001" /><testcase classname="tests.core.test_name_parser.TestParseFilename" name="test_decimal_in_full_filename" time="0.001" /><testcase classname="tests.core.test_name_parser.TestParseFilename" name="test_material_extraction" time="0.001" /><testcase classname="tests.core.test_name_parser.TestFmtNum" name="test_integer_no_decimal" time="0.001" /><testcase classname="tests.core.test_name_parser.TestFmtNum" name="test_decimal_kept" time="0.001" /><testcase classname="tests.core.test_name_parser.TestFmtNum" name="test_zero" time="0.001" /><testcase classname="tests.core.test_name_parser.TestGenerateFilename" name="test_roundtrip_vertical" time="0.001" /><testcase classname="tests.core.test_name_parser.TestGenerateFilename" name="test_roundtrip_horizontal" time="0.001" /><testcase classname="tests.core.test_name_parser.TestFourCornerParsing" name="test_four_corner_variants[\u56db\u4e2a\u89d2\u5706\u89d2\u534a\u5f842.5cm-2.5]" time="0.001" /><testcase classname="tests.core.test_name_parser.TestFourCornerParsing" name="test_four_corner_variants[\u56db\u4e2a\u89d2\u5706\u89d2\u534a\u5f842.5\u5398\u7c73-2.5]" time="0.002" /><testcase classname="tests.core.test_name_parser.TestFourCornerParsing" name="test_four_corner_variants[4\u4e2a\u89d2\u5706\u89d2\u534a\u5f842.5cm-2.5]" time="0.002" /><testcase classname="tests.core.test_name_parser.TestFourCornerParsing" name="test_four_corner_variants[\u56db\u4e2a\u5706\u89d2\u534a\u5f842.5cm-2.5]" time="0.002" /><testcase classname="tests.core.test_name_parser.TestFourCornerParsing" name="test_four_corner_variants[4\u4e2a\u5706\u89d2\u534a\u5f842.5cm-2.5]" time="0.002" /><testcase classname="tests.core.test_name_parser.TestFourCornerParsing" name="test_four_corner_variants[\u56db\u4e2a\u89d2\u505a2.5cm\u534a\u5f84\u5706\u5f27\u89d2-2.5]" time="0.004" /><testcase classname="tests.core.test_name_parser.TestFourCornerParsing" name="test_four_corner_variants[4\u4e2a\u89d2\u505a2.5\u5398\u7c73\u534a\u5f84\u5706\u5f27\u89d2-2.5]" time="0.001" /><testcase classname="tests.core.test_name_parser.TestFourCornerParsing" name="test_four_corner_variants[\u56db\u89d2\u534a\u5f845cm-5.0]" time="0.001" /><testcase classname="tests.core.test_name_parser.TestFourCornerParsing" name="test_four_corner_variants[\u56db\u89d2\u5706\u89d2\u534a\u5f842cm-2.0]" time="0.001" /><testcase classname="tests.core.test_name_parser.TestFourCornerParsing" name="test_four_corner_in_filename" time="0.001" /><testcase classname="tests.core.test_name_parser.TestPairCornerParsing" name="test_pair_corner_variants[\u5de6\u4e0b\u89d2\u548c\u53f3\u4e0b\u89d2\u505a3cm\u534a\u5f84\u5706\u5f27\u89d2-keys0-3.0]" time="0.004" /><testcase classname="tests.core.test_name_parser.TestPairCornerParsing" name="test_pair_corner_variants[\u5de6\u4e0b\u89d2\u548c\u53f3\u4e0b\u89d2\u5404\u4e00\u4e2a\u5706\u89d2\u534a\u5f843cm-keys1-3.0]" time="0.002" /><testcase classname="tests.core.test_name_parser.TestPairCornerParsing" name="test_pair_corner_variants[\u5de6\u4e0b\u89d2\u548c\u53f3\u4e0b\u89d2\u5706\u89d2\u534a\u5f843cm-keys2-3.0]" time="0.001" /><testcase classname="tests.core.test_name_parser.TestPairCornerParsing" name="test_pair_corner_variants[\u5de6\u4e0b\u89d2\u53f3\u4e0b\u89d2\u662f\u5706\u89d2\u534a\u5f843cm-keys3-3.0]" time="0.001" /><testcase classname="tests.core.test_name_parser.TestPairCornerParsing" name="test_pair_corner_variants[\u5de6\u4e0b\u89d2\u548c\u53f3\u4e0b\u89d2\u505a3\u5398\u7c73\u534a\u5f84\u5706\u5f27\u89d2-keys4-3.0]" time="0.001" /><testcase classname="tests.core.test_name_parser.TestPairCornerParsing" name="test_pair_corner_variants[\u5de6\u4e0a\u89d2\u548c\u53f3\u4e0a\u89d2\u5706\u89d2\u534a\u5f842cm-keys5-2.0]" time="0.001" /><testcase classname="tests.core.test_name_parser.TestPairCornerParsing" name="test_pair_corner_variants[\u5de6\u4e0a\u89d2\u548c\u5de6\u4e0b\u89d2\u5706\u89d2\u534a\u5f844cm-keys6-4.0]" time="0.001" /><testcase classname="tests.core.test_name_parser.TestSingleCornerParsing" name="test_single_corner_variants[\u5de6\u4e0b\u89d2\u5706\u89d2\u534a\u5f843.1cm-bl-3.1]" time="0.002" /><testcase classname="tests.core.test_name_parser.TestSingleCornerParsing" name="test_single_corner_variants[\u53f3\u4e0b\u89d2\u5706\u89d2\u534a\u5f843.1cm-br-3.1]" time="0.001" /><testcase classname="tests.core.test_name_parser.TestSingleCornerParsing" name="test_single_corner_variants[\u5de6\u4e0a\u89d2\u5706\u89d2\u534a\u5f843.1cm-tl-3.1]" time="0.001" /><testcase classname="tests.core.test_name_parser.TestSingleCornerParsing" name="test_single_corner_variants[\u53f3\u4e0a\u89d2\u5706\u89d2\u534a\u5f843.1cm-tr-3.1]" time="0.001" /><testcase classname="tests.core.test_name_parser.TestSingleCornerParsing" name="test_single_corner_variants[\u5de6\u4e0b\u89d2\u4e00\u4e2a\u5706\u89d2\u534a\u5f843.1\u5398\u7c73-bl-3.1]" time="0.001" /><testcase classname="tests.core.test_name_parser.TestSingleCornerParsing" name="test_single_corner_variants[\u5de6\u4e0b\u89d2\u505a3.1cm\u534a\u5f84\u5706\u5f27\u89d2-bl-3.1]" time="0.001" /><testcase classname="tests.core.test_name_parser.TestSingleCornerParsing" name="test_single_corner_variants[\u5de6\u4e0b\u89d2\u662f\u5706\u89d23.1cm\u534a\u5f84-bl-3.1]" time="0.002" /><testcase classname="tests.core.test_name_parser.TestSingleCornerParsing" name="test_single_corner_variants[\u5de6\u4e0b\u89d2\u5706\u89d2\u534a\u5f843.1\u5398\u7c73-bl-3.1]" time="0.001" /><testcase classname="tests.core.test_name_parser.TestSingleCornerParsing" name="test_single_corner_variants[\u5de6\u4e0b\u89d2\u534a\u5f843cm-bl-3.0]" time="0.001" /><testcase classname="tests.core.test_name_parser.TestFormatCornerSpec" name="test_four_corners_same_radius" time="0.001" /><testcase classname="tests.core.test_name_parser.TestFormatCornerSpec" name="test_four_corners_same_radius_decimal" time="0.001" /><testcase classname="tests.core.test_name_parser.TestFormatCornerSpec" name="test_two_corners_same_radius" time="0.001" /><testcase classname="tests.core.test_name_parser.TestFormatCornerSpec" name="test_two_corners_top" time="0.001" /><testcase classname="tests.core.test_name_parser.TestFormatCornerSpec" name="test_single_corner" time="0.001" /><testcase classname="tests.core.test_name_parser.TestFormatCornerSpec" name="test_no_corners" time="0.001" /><testcase classname="tests.core.test_name_parser.TestFormatCornerSpec" name="test_mixed_radii" time="0.001" /><testcase classname="tests.core.test_name_parser.TestFilenamePreviewIntegration" name="test_user_example_four_corners" time="0.001" /><testcase classname="tests.core.test_name_parser.TestFilenamePreviewIntegration" name="test_user_example_pair_corners" time="0.001" /><testcase classname="tests.core.test_name_parser.TestFilenamePreviewIntegration" name="test_user_example_single_corner" time="0.001" /><testcase classname="tests.core.test_rounded_corner.TestCornerAngles" name="test_tl_angle" time="0.001" /><testcase classname="tests.core.test_rounded_corner.TestCornerAngles" name="test_tr_angle" time="0.001" /><testcase classname="tests.core.test_rounded_corner.TestCornerAngles" name="test_bl_angle" time="0.003" /><testcase classname="tests.core.test_rounded_corner.TestCornerAngles" name="test_br_angle" time="0.001" /><testcase classname="tests.core.test_rounded_corner.TestCornerAngles" name="test_all_four_corners_present" time="0.001" /><testcase classname="tests.core.test_rounded_corner.TestCornerGeometry" name="test_square_br" time="0.001" /><testcase classname="tests.core.test_rounded_corner.TestCornerGeometry" name="test_square_tl" time="0.001" /><testcase classname="tests.core.test_rounded_corner.TestCornerGeometry" name="test_square_with_offset" time="0.001" /><testcase classname="tests.core.test_rounded_corner.TestCornerGeometry" name="test_pieslice_bbox_br" time="0.001" /><testcase classname="tests.core.test_rounded_corner.TestCornerGeometry" name="test_pieslice_bbox_tl" time="0.001" /><testcase classname="tests.core.test_rounded_corner.TestCarveCornerOnMask" name="test_zero_radius_no_change" time="0.002" /><testcase classname="tests.core.test_rounded_corner.TestCarveCornerOnMask" name="test_negative_radius_no_change" time="0.001" /><testcase classname="tests.core.test_rounded_corner.TestCarveCornerOnMask" name="test_br_corner_carves_square" time="0.001" /><testcase classname="tests.core.test_rounded_corner.TestCarveCornerOnMask" name="test_br_corner_preserves_quarter_circle" time="0.001" /><testcase classname="tests.core.test_rounded_corner.TestCarveCornerOnMask" name="test_center_unchanged" time="0.001" /><testcase classname="tests.core.test_rounded_corner.TestCarveCornerOnMask" name="test_all_four_corners" time="0.001" /><testcase classname="tests.core.test_rounded_corner.TestCarveCornerOnMask" name="test_oversized_radius_clamped" time="0.001" /><testcase classname="tests.core.test_rounded_corner.TestCarveCornerOnMask" name="test_offset_rect" time="0.002" /><testcase classname="tests.core.test_rounded_corner.TestMaskConsistency" name="test_image_cropper_uses_carve" time="0.002" /><testcase classname="tests.core.test_rounded_corner.TestMaskConsistency" name="test_geometry_uses_carve" time="0.001" /><testcase classname="tests.core.test_rounded_corner.TestCornerContentProtection" name="test_protect_content_when_radius_le_2x_border_depth" time="0.233" /><testcase classname="tests.core.test_rounded_corner.TestCornerContentProtection" name="test_border_corner_correctly_carved_in_protection_mode" time="0.332" /><testcase classname="tests.core.test_template_matcher.TestTemplateMatcher" name="test_scan_library" time="0.033" /><testcase classname="tests.core.test_template_matcher.TestTemplateMatcher" name="test_find_best_match_exact_size" time="0.029" /><testcase classname="tests.core.test_template_matcher.TestTemplateMatcher" name="test_find_best_match_pattern_name" time="0.029" /><testcase classname="tests.core.test_template_matcher.TestTemplateMatcher" name="test_direction_mismatch_lower_score" time="0.031" /><testcase classname="tests.core.test_template_matcher.TestTemplateMatcher" name="test_no_match_returns_none" time="0.033" /><testcase classname="tests.core.test_template_matcher.TestTemplateMatcher" name="test_cache_invalidated_on_dir_change" time="0.039" /><testcase classname="tests.core.test_template_matcher.TestScoringDetails" name="test_size_diff_zero_for_exact_match" time="0.029" /><testcase classname="tests.core.test_template_matcher.TestScoringDetails" name="test_score_increases_with_better_match" time="0.028" /><testcase classname="tests.core.test_template_matcher.TestShapeKeywordMatching" name="test_target_without_shape_keyword_rejects_arc_template" time="0.021" /><testcase classname="tests.core.test_template_matcher.TestShapeKeywordMatching" name="test_target_without_shape_keyword_rejects_circle_template" time="0.022" /><testcase classname="tests.core.test_template_matcher.TestShapeKeywordMatching" name="test_no_keyword_target_keeps_lenient_direction_behavior" time="0.022" /><testcase classname="tests.core.test_template_matcher.TestDirectionKeywordStrictMatching" name="test_vertical_target_matches_vertical_template" time="0.024" /><testcase classname="tests.core.test_template_matcher.TestDirectionKeywordStrictMatching" name="test_vertical_target_rejects_horizontal_template" time="0.026" /><testcase classname="tests.core.test_template_matcher.TestDirectionKeywordStrictMatching" name="test_horizontal_target_rejects_vertical_template" time="0.024" /><testcase classname="tests.core.test_template_matcher.TestDirectionKeywordStrictMatching" name="test_vertical_target_only_horizontal_available_returns_none" time="0.019" /><testcase classname="tests.core.test_template_matcher.TestDirectionKeywordStrictMatching" name="test_user_reported_case_vertical_26x46_vs_25x44" time="0.014" /><testcase classname="tests.integration.test_config.TestConfigConstants" name="test_border_width" time="0.001" /><testcase classname="tests.integration.test_config.TestConfigConstants" name="test_default_dpi_is_150" time="0.001" /><testcase classname="tests.integration.test_config.TestConfigConstants" name="test_cut_loss" time="0.001" /><testcase classname="tests.integration.test_config.TestConfigConstants" name="test_default_bg_color" time="0.001" /><testcase classname="tests.integration.test_config.TestConfigConstants" name="test_default_crop_mode" time="0.001" /><testcase classname="tests.integration.test_config.TestConfigConstants" name="test_color_distance_threshold" time="0.001" /><testcase classname="tests.integration.test_config.TestUnitConversion" name="test_cm_to_px_basic" time="0.001" /><testcase classname="tests.integration.test_config.TestUnitConversion" name="test_cm_to_px_min_value_1" time="0.001" /><testcase classname="tests.integration.test_config.TestUnitConversion" name="test_cm_to_px_default_dpi" time="0.001" /><testcase classname="tests.integration.test_config.TestUnitConversion" name="test_px_to_cm_basic" time="0.001" /><testcase classname="tests.integration.test_config.TestUnitConversion" name="test_inverse_conversion" time="0.001" /><testcase classname="tests.integration.test_config.TestConfigConsistency" name="test_image_cropper_uses_config" time="0.001" /><testcase classname="tests.integration.test_config.TestConfigConsistency" name="test_crop_config_default_dpi" time="0.001" /><testcase classname="tests.integration.test_config.TestConfigConsistency" name="test_crop_config_default_mode" time="0.001" /><testcase classname="tests.integration.test_f15_f19_fixes" name="test_f15_every_zero_test_file_is_collect_ignored" time="0.002" /><testcase classname="tests.integration.test_f15_f19_fixes" name="test_f16_retire_worker_clears_reference_on_none" time="0.000"><skipped type="pytest.skip" message="PyQt5 不可用">F:\SmartShapeCrop\tests\integration\test_f15_f19_fixes.py:63: PyQt5 不可用</skipped></testcase><testcase classname="tests.integration.test_f15_f19_fixes" name="test_f16_retire_worker_clears_reference_for_finished_worker" time="0.000"><skipped type="pytest.skip" message="PyQt5 不可用">F:\SmartShapeCrop\tests\integration\test_f15_f19_fixes.py:72: PyQt5 不可用</skipped></testcase><testcase classname="tests.integration.test_f15_f19_fixes" name="test_f16_retire_worker_interrupts_running_thread" time="0.000"><skipped type="pytest.skip" message="PyQt5 不可用">F:\SmartShapeCrop\tests\integration\test_f15_f19_fixes.py:85: PyQt5 不可用</skipped></testcase><testcase classname="tests.integration.test_f15_f19_fixes" name="test_f16_shutdown_is_safe_with_and_without_worker" time="0.000"><skipped type="pytest.skip" message="PyQt5 不可用">F:\SmartShapeCrop\tests\integration\test_f15_f19_fixes.py:113: PyQt5 不可用</skipped></testcase><testcase classname="tests.integration.test_f15_f19_fixes" name="test_f17_pytest_ini_does_not_ignore_deprecation_warning" time="0.012" /><testcase classname="tests.integration.test_f15_f19_fixes" name="test_f18_docstring_and_code_agree_on_default_level" time="0.009" /><testcase classname="tests.integration.test_f15_f19_fixes" name="test_f19_deletes_expired_but_keeps_fresh" time="0.018" /><testcase classname="tests.integration.test_f15_f19_fixes" name="test_f19_protects_rotating_log_and_crash_log" time="0.048" /><testcase classname="tests.integration.test_f15_f19_fixes" name="test_f19_enforces_max_files_cap" time="0.030" /><testcase classname="tests.integration.test_f15_f19_fixes" name="test_f19_dry_run_deletes_nothing" time="0.012" /><testcase classname="tests.integration.test_f15_f19_fixes" name="test_f19_real_dirs_never_include_deliverables" time="0.001" /><testcase classname="tests.integration.test_f1_inner_rect_crash" name="test_to_int_tuple_normalizes_degenerate" time="0.001" /><testcase classname="tests.integration.test_f1_inner_rect_crash" name="test_to_int_tuple_normalizes_positive" time="0.001" /><testcase classname="tests.integration.test_f1_inner_rect_crash" name="test_inner_rect_px_clamped_non_negative" time="0.001" /><testcase classname="tests.integration.test_f1_inner_rect_crash" name="test_outer_rect_px_clamped_non_negative" time="0.001" /><testcase classname="tests.integration.test_f1_inner_rect_crash" name="test_fill_rect_mask_skips_degenerate_no_crash" time="0.001" /><testcase classname="tests.integration.test_f1_inner_rect_crash" name="test_fill_rect_mask_negative_w_positive_h_no_crash" time="0.001" /><testcase classname="tests.integration.test_f1_inner_rect_crash" name="test_apply_rounded_corners_skips_degenerate_no_crash" time="0.001" /><testcase classname="tests.integration.test_f1_inner_rect_crash" name="test_fill_ellipse_mask_negative_radius_no_crash" time="0.001" /><testcase classname="tests.integration.test_f1_inner_rect_crash" name="test_render_design_lod_degenerate_no_crash" time="0.257" /><testcase classname="tests.integration.test_f1_inner_rect_crash" name="test_render_design_degenerate_no_crash" time="1.670" /><testcase classname="tests.integration.test_f1_inner_rect_crash" name="test_render_design_lshape_degenerate_no_crash" time="0.001"><failure message="ValueError: L 形挖角在上边上的尺寸和 0cm 必须小于外边长度 -11cm 减 0.5cm 余量">tests\integration\test_f1_inner_rect_crash.py:143: in test_render_design_lshape_degenerate_no_crash
    img1 = render_design(d, quality='preview')
core\image_ops.py:579: in render_design
    design.validate()
core\geometry.py:321: in validate
    raise ValueError(
E   ValueError: L 形挖角在上边上的尺寸和 0cm 必须小于外边长度 -11cm 减 0.5cm 余量</failure></testcase><testcase classname="tests.integration.test_f2_f3_fixes" name="test_requirements_lists_pytesseract" time="0.002" /><testcase classname="tests.integration.test_f2_f3_fixes" name="test_image_max_pixels_set" time="0.001" /><testcase classname="tests.integration.test_f2_f3_fixes" name="test_validate_rejects_oversized_image" time="0.034" /><testcase classname="tests.integration.test_f2_f3_fixes" name="test_parse_sketch_validates_before_decode" time="0.028" /><testcase classname="tests.integration.test_f2_f3_fixes" name="test_parse_sketch_invalid_extension_rejected_before_decode" time="0.004" /><testcase classname="tests.integration.test_f4_concurrency_clone" name="test_clone_is_independent_for_scalars" time="0.001" /><testcase classname="tests.integration.test_f4_concurrency_clone" name="test_clone_copies_borders_independently" time="0.001" /><testcase classname="tests.integration.test_f4_concurrency_clone" name="test_clone_copies_border_text_independently" time="0.001" /><testcase classname="tests.integration.test_f4_concurrency_clone" name="test_clone_shares_readonly_cached_image" time="0.001" /><testcase classname="tests.integration.test_f4_concurrency_clone" name="test_clone_is_fully_usable_design" time="0.001" /><testcase classname="tests.integration.test_f4_concurrency_clone" name="test_background_render_uses_clone_snapshot_not_mutated_original" time="0.002" /><testcase classname="tests.integration.test_f4_concurrency_clone" name="test_without_clone_original_mutation_would_corrupt_render" time="0.007" /><testcase classname="tests.integration.test_f5_f14_fixes" name="test_f5_no_misleading_geometry_fallback_docs[README.md]" time="0.003" /><testcase classname="tests.integration.test_f5_f14_fixes" name="test_f5_no_misleading_geometry_fallback_docs[packaging/legacy/packageV2.1.py]" time="0.002" /><testcase classname="tests.integration.test_f5_f14_fixes" name="test_f6_all_ocr_calls_pass_timeout" time="0.003"><failure message="AssertionError: image_to_data 调用缺少 timeout（位置 15717）&#10;assert 'timeout=_PARSE_TIMEOUT_SEC' in 'tesseract.image_to_data(pil, config=cfg, output_type=tesseract.Output.DICT,\n                                        ...      logger.debug(&quot;[_run_one] 忽略异常&quot;, exc_info=True)\n                continue\n            if not data or \'text\' no'">tests\integration\test_f5_f14_fixes.py:72: in test_f6_all_ocr_calls_pass_timeout
    assert 'timeout=_PARSE_TIMEOUT_SEC' in window, (
E   AssertionError: image_to_data 调用缺少 timeout（位置 15717）
E   assert 'timeout=_PARSE_TIMEOUT_SEC' in 'tesseract.image_to_data(pil, config=cfg, output_type=tesseract.Output.DICT,\n                                        ...      logger.debug("[_run_one] 忽略异常", exc_info=True)\n                continue\n            if not data or \'text\' no'</failure></testcase><testcase classname="tests.integration.test_f5_f14_fixes" name="test_f6_ocr_timeout_is_swallowed_and_returns_empty" time="0.003" /><testcase classname="tests.integration.test_f5_f14_fixes" name="test_f6_7step_deadline_returns_timeout" time="0.001" /><testcase classname="tests.integration.test_f5_f14_fixes" name="test_f7_dead_function_removed" time="0.002" /><testcase classname="tests.integration.test_f5_f14_fixes" name="test_f8_carve_inverse_true_and_false_behavior" time="0.002" /><testcase classname="tests.integration.test_f5_f14_fixes" name="test_f9_ellipse_with_borders_warns_but_keeps_behavior" time="0.044" /><testcase classname="tests.integration.test_f5_f14_fixes" name="test_f10_requirements_use_headless_opencv" time="0.001" /><testcase classname="tests.integration.test_f5_f14_fixes" name="test_f11_stale_spec_removed" time="0.002" /><testcase classname="tests.integration.test_f5_f14_fixes" name="test_f12_no_hardcoded_author_paths" time="0.002" /><testcase classname="tests.integration.test_f5_f14_fixes" name="test_f13_simple_resize_description_mentions_distortion" time="0.001" /><testcase classname="tests.integration.test_f5_f14_fixes" name="test_f13_simple_resize_stretches_to_fill" time="0.007" /><testcase classname="tests.integration.test_f5_f14_fixes" name="test_f14_no_silent_bare_except_in_hot_paths" time="0.065" /><testcase classname="tests.integration.test_f5_f14_fixes" name="test_f14_exif_except_logs" time="0.002" /><testcase classname="tests.integration.test_final_verification" name="test_border_smoothness" time="0.025" /><testcase classname="tests.integration.test_final_verification" name="test_no_wrong_gap_fill" time="0.029" /><testcase classname="tests.integration.test_final_verification" name="test_internal_content_preserved" time="0.052" /><testcase classname="tests.integration.test_final_verification" name="test_original_functionality_unchanged" time="0.016" /><testcase classname="tests.integration.test_fix_validation" name="test_name_parser" time="0.002" /><testcase classname="tests.integration.test_fix_validation" name="test_direction_correction" time="0.001" /><testcase classname="tests.integration.test_fix_validation" name="test_margin_validation" time="0.001" /><testcase classname="tests.integration.test_pool_lshape_flow" name="test_lshape_pool_render_cut_is_hole_material_in_body" time="0.044" /><testcase classname="tests.integration.test_pool_lshape_flow" name="test_lshape_pool_render_all_corners" time="0.176" /><testcase classname="tests.integration.test_pool_lshape_flow" name="test_lshape_cut_uses_hole_bg_color_when_not_transparent" time="0.157" /><testcase classname="tests.integration.test_pool_lshape_flow" name="test_rect_hole_pool_render_unchanged" time="0.050" /><testcase classname="tests.integration.test_pool_lshape_flow" name="test_worker_lshape_params_builds_design" time="0.017"><failure message="ModuleNotFoundError: No module named 'PyQt5'">tests\integration\test_pool_lshape_flow.py:201: in test_worker_lshape_params_builds_design
    design = _run_worker(
tests\integration\test_pool_lshape_flow.py:176: in _run_worker
    from workers.property_panel_workers import PoolRenderWorker
workers\property_panel_workers.py:12: in &lt;module&gt;
    from PyQt5.QtCore import Qt, pyqtSignal, QThread, QSize
E   ModuleNotFoundError: No module named 'PyQt5'</failure></testcase><testcase classname="tests.integration.test_pool_lshape_flow" name="test_worker_without_lshape_keeps_rect_hole" time="0.022"><failure message="ModuleNotFoundError: No module named 'PyQt5'">tests\integration\test_pool_lshape_flow.py:231: in test_worker_without_lshape_keeps_rect_hole
    design = _run_worker(
tests\integration\test_pool_lshape_flow.py:176: in _run_worker
    from workers.property_panel_workers import PoolRenderWorker
workers\property_panel_workers.py:12: in &lt;module&gt;
    from PyQt5.QtCore import Qt, pyqtSignal, QThread, QSize
E   ModuleNotFoundError: No module named 'PyQt5'</failure></testcase><testcase classname="tests.integration.test_pool_lshape_flow" name="test_four_corner_lshape_render_with_workspace_material" time="3.409" /><testcase classname="tests.sketch.test_multi_hole_parser" name="test_01_multihole_module_imports_cleanly" time="0.001" /><testcase classname="tests.sketch.test_multi_hole_parser" name="test_02_sketch_parser_new_fields_have_defaults" time="0.001" /><testcase classname="tests.sketch.test_multi_hole_parser" name="test_03_package_init_exports" time="0.001" /><testcase classname="tests.sketch.test_multi_hole_parser" name="test_10_classify_two_horizontal_holes" time="0.001" /><testcase classname="tests.sketch.test_multi_hole_parser" name="test_11_classify_insufficient_innners_returns_empty" time="0.001" /><testcase classname="tests.sketch.test_multi_hole_parser" name="test_12_classify_vertical_holes" time="0.001" /><testcase classname="tests.sketch.test_multi_hole_parser" name="test_13_classify_filters_combined_hull" time="0.001" /><testcase classname="tests.sketch.test_multi_hole_parser" name="test_14_classify_no_hull_scenarios_still_work" time="0.001" /><testcase classname="tests.sketch.test_multi_hole_parser" name="test_20_zone_shared_margins" time="0.001" /><testcase classname="tests.sketch.test_multi_hole_parser" name="test_21_zone_hole_0_margin_left_and_inside" time="0.001" /><testcase classname="tests.sketch.test_multi_hole_parser" name="test_22_zone_hole_1_margin_right" time="0.001" /><testcase classname="tests.sketch.test_multi_hole_parser" name="test_23_zone_gap_between_holes" time="0.001" /><testcase classname="tests.sketch.test_multi_hole_parser" name="test_24_zone_outer_w_and_outer_h" time="0.001" /><testcase classname="tests.sketch.test_multi_hole_parser" name="test_30_arrow_chars_map_to_correct_fields" time="0.002" /><testcase classname="tests.sketch.test_multi_hole_parser" name="test_31_arrow_only_char_returns_none_val" time="0.001" /><testcase classname="tests.sketch.test_multi_hole_parser" name="test_32_invalid_tokens_return_none" time="0.001" /><testcase classname="tests.sketch.test_multi_hole_parser" name="test_40_perfect_horizontal_consistency_scores_high" time="0.001" /><testcase classname="tests.sketch.test_multi_hole_parser" name="test_41_missing_fields_score_lower" time="0.001" /><testcase classname="tests.sketch.test_multi_hole_parser" name="test_42_zero_outer_scores_zero" time="0.001" /><testcase classname="tests.sketch.test_multi_hole_parser" name="test_50_spatial_bind_populates_buckets_correctly" time="0.001" /><testcase classname="tests.sketch.test_multi_hole_parser" name="test_60_derive_missing_horizontal" time="0.001" /><testcase classname="tests.sketch.test_multi_hole_parser" name="test_70_multihole_entry_graceful_fallback_on_bad_path" time="0.001" /><testcase classname="tests.sketch.test_multi_hole_parser" name="test_71_parse_sketch_backward_compatible_syntax" time="0.001" /><testcase classname="tests.sketch.test_multi_hole_parser" name="test_80_geometric_containment_drops_split_read_5" time="0.001" /><testcase classname="tests.sketch.test_multi_hole_parser" name="test_81_weighted_majority_beats_singleton_high_conf" time="0.001" /><testcase classname="tests.sketch.test_multi_hole_parser" name="test_90_multi_hole_mask_union_basic" time="0.042" /><testcase classname="tests.sketch.test_multi_hole_parser" name="test_91_multi_hole_empty_defaults_still_single_hole_code_path" time="0.038" /><testcase classname="tests.sketch.test_multi_hole_parser" name="test_92_multi_hole_border_each_hole_four_sides_10px" time="2.941" /><testcase classname="tests.sketch.test_multi_hole_parser" name="test_93_user_multihole_params_override_sketch_in_worker" time="0.008"><skipped type="pytest.skip" message="PyQt5 不可用: No module named 'PyQt5'">F:\SmartShapeCrop\tests\sketch\test_multi_hole_parser.py:774: PyQt5 不可用: No module named 'PyQt5'</skipped></testcase><testcase classname="tests.sketch.test_multi_hole_parser" name="test_94_multihole_none_single_hole_no_impact" time="0.009"><skipped type="pytest.skip" message="PyQt5 不可用: No module named 'PyQt5'">F:\SmartShapeCrop\tests\sketch\test_multi_hole_parser.py:922: PyQt5 不可用: No module named 'PyQt5'</skipped></testcase><testcase classname="tests.sketch.test_parse_sketch_characterization.TestWideSketch" name="test_7step_target_mode" time="0.099" /><testcase classname="tests.sketch.test_parse_sketch_characterization.TestTallSketch" name="test_7step_target_mode_tall" time="0.098" /><testcase classname="tests.sketch.test_parse_sketch_characterization.TestAutoDetectNoTarget" name="test_auto_detect_picks_correct_outer" time="0.089" /><testcase classname="tests.sketch.test_parse_sketch_characterization.TestDirectionLabelLock" name="test_direction_labels_override_spatial_candidates" time="0.087" /><testcase classname="tests.sketch.test_sketch_input_validation.TestValidSketch" name="test_valid_small_png" time="0.007" /><testcase classname="tests.sketch.test_sketch_input_validation.TestValidSketch" name="test_accepts_all_whitelisted_ext" time="0.028" /><testcase classname="tests.sketch.test_sketch_input_validation.TestRejectedSketch" name="test_nonexistent_path" time="0.001" /><testcase classname="tests.sketch.test_sketch_input_validation.TestRejectedSketch" name="test_unsupported_format" time="0.009" /><testcase classname="tests.sketch.test_sketch_input_validation.TestRejectedSketch" name="test_empty_file" time="0.007" /><testcase classname="tests.sketch.test_sketch_input_validation.TestRejectedSketch" name="test_corrupt_image" time="0.127" /><testcase classname="tests.sketch.test_sketch_input_validation.TestRejectedSketch" name="test_oversize_file_rejected" time="0.008" /><testcase classname="tests.sketch.test_sketch_input_validation.TestRejectedSketch" name="test_too_many_pixels_rejected" time="0.009" /><testcase classname="tests.sketch.test_sketch_input_validation.TestRejectedSketch" name="test_thresholds_restored" time="0.009" /><testcase classname="tests.sketch.test_sketch_parser_logic.TestComputeGaps" name="test_all_four_gaps_valid" time="0.001" /><testcase classname="tests.sketch.test_sketch_parser_logic.TestComputeGaps" name="test_inner_equals_outer_filters_all" time="0.001" /><testcase classname="tests.sketch.test_sketch_parser_logic.TestComputeGaps" name="test_thin_horizontal_gap_filtered" time="0.001" /><testcase classname="tests.sketch.test_sketch_parser_logic.TestScoreAssignmentConsistency" name="test_fully_self_consistent_is_one" time="0.001" /><testcase classname="tests.sketch.test_sketch_parser_logic.TestScoreAssignmentConsistency" name="test_zero_outer_is_zero" time="0.001" /><testcase classname="tests.sketch.test_sketch_parser_logic.TestScoreAssignmentConsistency" name="test_inner_exceeds_outer_is_clamped_zero" time="0.001" /><testcase classname="tests.sketch.test_sketch_parser_logic.TestScoreAssignmentConsistency" name="test_negative_margin_penalized" time="0.001" /><testcase classname="tests.sketch.test_sketch_parser_logic.TestScoreAssignmentConsistency" name="test_partial_outer_only_low_score" time="0.001" /><testcase classname="tests.sketch.test_sketch_parser_logic.TestScoreAssignmentConsistency" name="test_consistent_beats_inconsistent" time="0.001" /><testcase classname="tests.sketch.test_sketch_parser_logic.TestValidateAndFixMargins" name="test_derive_missing_margin_from_known" time="0.001" /><testcase classname="tests.sketch.test_sketch_parser_logic.TestValidateAndFixMargins" name="test_rescale_when_ratio_far_off" time="0.001" /><testcase classname="tests.sketch.test_sketch_parser_logic.TestValidateAndFixMargins" name="test_clip_oversized_margin" time="0.001" /><testcase classname="tests.sketch.test_sketch_parser_logic.TestValidateAndFixMargins" name="test_negative_margin_zeroed" time="0.001" /><testcase classname="tests.sketch.test_sketch_parser_logic.TestValidateAndFixMargins" name="test_does_not_overwrite_correct_margins" time="0.001" /><testcase classname="tests.sketch.test_sketch_parser_logic.TestValidateAndFixMargins" name="test_ocr_noise_margin_does_not_override_target_outer" time="0.001" /><testcase classname="tests.sketch.test_sketch_parser_logic.TestValidateAndFixMargins" name="test_sanitize_oversized_dir_margin" time="0.001" /><testcase classname="tests.sketch.test_sketch_parser_logic.TestValidateAndFixMargins" name="test_normal_margin_still_derives_total" time="0.001" /><testcase classname="tests.sketch.test_sketch_parser_logic.TestValidateAndFixMargins" name="test_authoritative_target_preserves_outer_and_computes_missing" time="0.001" /><testcase classname="tests.sketch.test_sketch_parser_logic.TestValidateAndFixMargins" name="test_authoritative_target_with_both_dir_locked_margins" time="0.001" /><testcase classname="tests.sketch.test_sketch_parser_logic.TestValidateAndFixMargins" name="test_no_target_still_derives_from_direction_margins" time="0.001" /><testcase classname="tests.sketch.test_sketch_parser_logic.TestValidateAndFixMargins" name="test_target_close_to_derived_still_preserves_target" time="0.001" /></testsuite></testsuites>